INFO:root:CPU Speed:2000.0 Hz
INFO:root:CPU Utilization: 5.7%
INFO:root:------------------
INFO:root:CPU Speed:1796.0 Hz
INFO:root:CPU Utilization: 3.9%
INFO:root:------------------
INFO:root:CPU Speed:2000.0 Hz
INFO:root:CPU Utilization: 1.6%
INFO:root:------------------
INFO:root:CPU Speed:1796.0 Hz
INFO:root:CPU Utilization: 2.0%
INFO:root:------------------
INFO:root:CPU Speed:2000.0 Hz
INFO:root:CPU Utilization: 2.8%
INFO:root:------------------
INFO:root:CPU Speed:2000.0 Hz
INFO:root:CPU Utilization: 3.2%
INFO:root:------------------
INFO:root:CPU Speed:2000.0 Hz
INFO:root:CPU Utilization: 3.4%
INFO:root:------------------
INFO:root:CPU Speed:1796.0 Hz
INFO:root:CPU Utilization: 3.3%
INFO:root:------------------
INFO:root:CPU Speed:2000.0 Hz
INFO:root:CPU Utilization: 5.5%
INFO:root:------------------
INFO:root:CPU Speed:2000.0 Hz
INFO:root:CPU Utilization: 4.7%
INFO:root:------------------
INFO:root:CPU Speed:2000.0 Hz
INFO:root:CPU Utilization: 4.5%
INFO:root:------------------
INFO:root:CPU Speed:1796.0 Hz
INFO:root:CPU Utilization: 3.9%
INFO:root:------------------
INFO:root:CPU Speed:2000.0 Hz
INFO:root:CPU Utilization: 4.5%
INFO:root:------------------
INFO:root:CPU Speed:2000.0 Hz
INFO:root:CPU Utilization: 3.2%
INFO:root:------------------
INFO:root:CPU Speed:2000.0 Hz
INFO:root:CPU Utilization: 6.1%
INFO:root:------------------
INFO:root:CPU Speed:2000.0 Hz
INFO:root:CPU Utilization: 4.1%
INFO:root:------------------
INFO:root:CPU Speed:2000.0 Hz
INFO:root:CPU Utilization: 4.4%
INFO:root:------------------
INFO:root:CPU Speed:2000.0 Hz
INFO:root:CPU Utilization: 6.4%
INFO:root:------------------
INFO:root:CPU Speed:2000.0 Hz
INFO:root:CPU Utilization: 5.0%
INFO:root:------------------
INFO:root:CPU Speed:2000.0 Hz
INFO:root:CPU Utilization: 5.1%
INFO:root:------------------
INFO:root:CPU Speed:2000.0 Hz
INFO:root:CPU Utilization: 3.3%
INFO:root:------------------
INFO:root:CPU Speed:1796.0 Hz
INFO:root:CPU Utilization: 8.2%
INFO:root:------------------
INFO:root:CPU Speed:2000.0 Hz
INFO:root:CPU Utilization: 3.5%
INFO:root:------------------
INFO:root:CPU Speed:2000.0 Hz
INFO:root:CPU Utilization: 1.4%
INFO:root:------------------
INFO:root:CPU Speed:1796.0 Hz
INFO:root:CPU Utilization: 0.7%
INFO:root:------------------
INFO:root:CPU Speed:1796.0 Hz
INFO:root:CPU Utilization: 0.3%
INFO:root:------------------
INFO:root:
Monitoring stopped...
INFO:root:CPU Speed:1796.0 Hz
INFO:root:CPU Utilization: 1.0%
INFO:root:------------------
INFO:root:CPU Speed:2000.0 Hz
INFO:root:CPU Utilization: 0.7%
INFO:root:------------------
INFO:root:
Monitoring stopped...
INFO:root:CPU Speed:2592.0 Hz
INFO:root:CPU Utilization: 2.7%
INFO:root:------------------
